{
  "0 debug pnpm:scope": {
    "selected": 1
  },
  "1 error pnpm": {
    "code": "ELIFECYCLE",
    "errno": "ENOENT",
    "syscall": "spawn",
    "file": "sh",
    "pkgid": "test-the-routing@0.0.1",
    "stage": "build",
    "script": "vite build",
    "pkgname": "test-the-routing",
    "err": {
      "name": "pnpm",
      "message": "test-the-routing@0.0.1 build: `vite build`\nspawn ENOENT",
      "code": "ELIFECYCLE",
      "stack": "pnpm: test-the-routing@0.0.1 build: `vite build`\nspawn ENOENT\n    at ChildProcess.<anonymous> (/home/ant/.volta/tools/image/packages/pnpm/lib/node_modules/pnpm/dist/pnpm.cjs:95169:22)\n    at ChildProcess.emit (node:events:520:28)\n    at maybeClose (node:internal/child_process:1092:16)\n    at Process.ChildProcess._handle.onexit (node:internal/child_process:302:5)"
    }
  },
  "2 warn pnpm:global": " Local package.json exists, but node_modules missing, did you mean to install?"
}